2017-08-11 10:30:38.509  INFO 1206 --- [restartedMain] c.bzh.colud.sunrise.SunRiseApplication   : Starting SunRiseApplication on chenyudeMacBook-Pro.local with PID 1206 (/Users/syu/project/bzworkspace/sunrise/target/classes started by syu in /Users/syu/project/bzworkspace/sunrise)
2017-08-11 10:30:38.509  INFO 1206 --- [restartedMain] c.bzh.colud.sunrise.SunRiseApplication   : No active profile set, falling back to default profiles: default
2017-08-11 10:30:38.512  INFO 1206 --- [restartedMain] ationConfigEmbeddedWebApplicationContext : Refreshing org.springframework.boot.context.embedded.AnnotationConfigEmbeddedWebApplicationContext@14f8f32f: startup date [Fri Aug 11 10:30:38 CST 2017]; root of context hierarchy
2017-08-11 10:30:38.817  INFO 1206 --- [restartedMain] .s.d.r.c.RepositoryConfigurationDelegate : Multiple Spring Data modules found, entering strict repository configuration mode!
2017-08-11 10:30:38.968  INFO 1206 --- [restartedMain] s.b.c.e.t.TomcatEmbeddedServletContainer : Tomcat initialized with port(s): 8080 (http)
2017-08-11 10:30:38.969  INFO 1206 --- [restartedMain] o.apache.catalina.core.StandardService   : Starting service [Tomcat]
2017-08-11 10:30:38.969  INFO 1206 --- [restartedMain] org.apache.catalina.core.StandardEngine  : Starting Servlet Engine: Apache Tomcat/8.5.15
2017-08-11 10:30:38.975  INFO 1206 --- [localhost-startStop-1] o.a.c.c.C.[Tomcat].[localhost].[/]       : Initializing Spring embedded WebApplicationContext
2017-08-11 10:30:38.976  INFO 1206 --- [localhost-startStop-1] o.s.web.context.ContextLoader            : Root WebApplicationContext: initialization completed in 464 ms
2017-08-11 10:30:39.011  INFO 1206 --- [localhost-startStop-1] o.s.b.w.servlet.ServletRegistrationBean  : Mapping servlet: 'dispatcherServlet' to [/]
2017-08-11 10:30:39.011  INFO 1206 --- [localhost-startStop-1] o.s.b.w.servlet.FilterRegistrationBean   : Mapping filter: 'hiddenHttpMethodFilter' to: [/*]
2017-08-11 10:30:39.011  INFO 1206 --- [localhost-startStop-1] o.s.b.w.servlet.FilterRegistrationBean   : Mapping filter: 'httpPutFormContentFilter' to: [/*]
2017-08-11 10:30:39.011  INFO 1206 --- [localhost-startStop-1] o.s.b.w.servlet.FilterRegistrationBean   : Mapping filter: 'requestContextFilter' to: [/*]
2017-08-11 10:30:39.012  INFO 1206 --- [localhost-startStop-1] o.s.b.w.servlet.FilterRegistrationBean   : Mapping filter: 'characterEncodingFilter' to: [/*]
2017-08-11 10:30:39.095  INFO 1206 --- [restartedMain] com.alibaba.druid.pool.DruidDataSource   : {dataSource-2} inited
2017-08-11 10:30:39.234  WARN 1206 --- [restartedMain] c.b.mybatisplus.mapper.AutoSqlInjector   : class com.bzh.cloud.entity.sunrise.SysCurrentToken ,Not found @TableId annotation, Cannot use Mybatis-Plus 'xxById' Method.
2017-08-11 10:30:39.396  WARN 1206 --- [restartedMain] c.b.mybatisplus.mapper.AutoSqlInjector   : class com.bzh.cloud.entity.sunrise.ConfFields ,Not found @TableId annotation, Cannot use Mybatis-Plus 'xxById' Method.
2017-08-11 10:30:39.647  INFO 1206 --- [restartedMain] s.w.s.m.m.a.RequestMappingHandlerAdapter : Looking for @ControllerAdvice: org.springframework.boot.context.embedded.AnnotationConfigEmbeddedWebApplicationContext@14f8f32f: startup date [Fri Aug 11 10:30:38 CST 2017]; root of context hierarchy
2017-08-11 10:30:39.652  INFO 1206 --- [restartedMain] s.w.s.m.m.a.RequestMappingHandlerMapping : Mapped "{[/test]}" onto public java.lang.String com.bzh.cloud.controller.sunrise.ApiAuth.test()
2017-08-11 10:30:39.652  INFO 1206 --- [restartedMain] s.w.s.m.m.a.RequestMappingHandlerMapping : Mapped "{[/api/auth/test],methods=[GET]}" onto public java.lang.String com.bzh.cloud.controller.sunrise.ApiAuth.testAuth(javax.servlet.http.HttpServletRequest,java.lang.String,java.lang.String,java.lang.String) throws java.lang.Exception
2017-08-11 10:30:39.657  INFO 1206 --- [restartedMain] s.w.s.m.m.a.RequestMappingHandlerMapping : Mapped "{[/register],methods=[GET]}" onto public java.util.Map<java.lang.String, java.lang.Object> com.bzh.cloud.controller.sunrise.AuthorController.register(java.lang.String)
2017-08-11 10:30:39.657  INFO 1206 --- [restartedMain] s.w.s.m.m.a.RequestMappingHandlerMapping : Mapped "{[/data/get],methods=[GET]}" onto public java.util.Map<java.lang.String, java.lang.Object> com.bzh.cloud.controller.sunrise.AuthorController.getData(javax.servlet.http.HttpServletRequest) throws java.lang.Exception
2017-08-11 10:30:39.657  INFO 1206 --- [restartedMain] s.w.s.m.m.a.RequestMappingHandlerMapping : Mapped "{[/menu/get],methods=[GET]}" onto public java.util.Map<java.lang.String, java.lang.Object> com.bzh.cloud.controller.sunrise.AuthorController.getMenu(javax.servlet.http.HttpServletRequest) throws java.lang.Exception
2017-08-11 10:30:39.657  INFO 1206 --- [restartedMain] s.w.s.m.m.a.RequestMappingHandlerMapping : Mapped "{[/login],methods=[POST]}" onto public java.util.Map<java.lang.String, java.lang.String> com.bzh.cloud.controller.sunrise.AuthorController.getAuthor(java.lang.String,java.lang.String,javax.servlet.http.HttpServletRequest) throws java.lang.Exception
2017-08-11 10:30:39.660  INFO 1206 --- [restartedMain] s.w.s.m.m.a.RequestMappingHandlerMapping : Mapped "{[/conf/delete]}" onto public java.util.Map<java.lang.String, java.lang.String> com.bzh.cloud.controller.sunrise.ConfigController.delete(java.lang.String,javax.servlet.http.HttpServletRequest)
2017-08-11 10:30:39.660  INFO 1206 --- [restartedMain] s.w.s.m.m.a.RequestMappingHandlerMapping : Mapped "{[/conf/tree]}" onto public java.util.Map<java.lang.String, java.lang.Object> com.bzh.cloud.controller.sunrise.ConfigController.tree(java.lang.Integer)
2017-08-11 10:30:39.661  INFO 1206 --- [restartedMain] s.w.s.m.m.a.RequestMappingHandlerMapping : Mapped "{[/conf/data]}" onto public java.util.Map<java.lang.String, java.lang.Object> com.bzh.cloud.controller.sunrise.ConfigController.getData(javax.servlet.http.HttpServletRequest)
2017-08-11 10:30:39.663  INFO 1206 --- [restartedMain] s.w.s.m.m.a.RequestMappingHandlerMapping : Mapped "{[/conf/main]}" onto public java.lang.String com.bzh.cloud.controller.sunrise.ConfigController.mian(org.springframework.ui.Model)
2017-08-11 10:30:39.663  INFO 1206 --- [restartedMain] s.w.s.m.m.a.RequestMappingHandlerMapping : Mapped "{[/conf/entity]}" onto public com.bzh.cloud.entity.sunrise.ConfEntity com.bzh.cloud.controller.sunrise.ConfigController.getEneity(java.lang.String)
2017-08-11 10:30:39.664  INFO 1206 --- [restartedMain] s.w.s.m.m.a.RequestMappingHandlerMapping : Mapped "{[/conf/dataSql]}" onto public java.util.List<java.util.Map<java.lang.String, java.lang.Object>> com.bzh.cloud.controller.sunrise.ConfigController.dataSql(java.lang.String)
2017-08-11 10:30:39.664  INFO 1206 --- [restartedMain] s.w.s.m.m.a.RequestMappingHandlerMapping : Mapped "{[/conf/checkUnique]}" onto public java.util.Map<java.lang.String, java.lang.Object> com.bzh.cloud.controller.sunrise.ConfigController.checkUnique(javax.servlet.http.HttpServletRequest)
2017-08-11 10:30:39.664  INFO 1206 --- [restartedMain] s.w.s.m.m.a.RequestMappingHandlerMapping : Mapped "{[/conf/create]}" onto public java.util.Map<java.lang.String, java.lang.Object> com.bzh.cloud.controller.sunrise.ConfigController.createEntity(java.lang.String,javax.servlet.http.HttpServletRequest)
2017-08-11 10:30:39.664  INFO 1206 --- [restartedMain] s.w.s.m.m.a.RequestMappingHandlerMapping : Mapped "{[/conf/update]}" onto public java.util.Map<java.lang.String, java.lang.Object> com.bzh.cloud.controller.sunrise.ConfigController.updateEntity(java.lang.String,javax.servlet.http.HttpServletRequest)
2017-08-11 10:30:39.666  INFO 1206 --- [restartedMain] s.w.s.m.m.a.RequestMappingHandlerMapping : Mapped "{[/error]}" onto public org.springframework.http.ResponseEntity<java.util.Map<java.lang.String, java.lang.Object>> org.springframework.boot.autoconfigure.web.BasicErrorController.error(javax.servlet.http.HttpServletRequest)
2017-08-11 10:30:39.666  INFO 1206 --- [restartedMain] s.w.s.m.m.a.RequestMappingHandlerMapping : Mapped "{[/error],produces=[text/html]}" onto public org.springframework.web.servlet.ModelAndView org.springframework.boot.autoconfigure.web.BasicErrorController.errorHtml(javax.servlet.http.HttpServletRequest,javax.servlet.http.HttpServletResponse)
2017-08-11 10:30:39.672  INFO 1206 --- [restartedMain] o.s.w.s.handler.SimpleUrlHandlerMapping  : Mapped URL path [/webjars/**] onto handler of type [class org.springframework.web.servlet.resource.ResourceHttpRequestHandler]
2017-08-11 10:30:39.673  INFO 1206 --- [restartedMain] o.s.w.s.handler.SimpleUrlHandlerMapping  : Mapped URL path [/**] onto handler of type [class org.springframework.web.servlet.resource.ResourceHttpRequestHandler]
2017-08-11 10:30:39.682  INFO 1206 --- [restartedMain] o.s.w.s.handler.SimpleUrlHandlerMapping  : Mapped URL path [/**/favicon.ico] onto handler of type [class org.springframework.web.servlet.resource.ResourceHttpRequestHandler]
2017-08-11 10:30:39.755  INFO 1206 --- [restartedMain] o.s.b.d.a.OptionalLiveReloadServer       : LiveReload server is running on port 35729
2017-08-11 10:30:39.809  INFO 1206 --- [restartedMain] o.s.j.e.a.AnnotationMBeanExporter        : Registering beans for JMX exposure on startup
2017-08-11 10:30:39.810  INFO 1206 --- [restartedMain] o.s.j.e.a.AnnotationMBeanExporter        : Bean with name 'dataSource' has been autodetected for JMX exposure
2017-08-11 10:30:39.812  INFO 1206 --- [restartedMain] o.s.j.e.a.AnnotationMBeanExporter        : Located MBean 'dataSource': registering with JMX server as MBean [com.alibaba.druid.pool:name=dataSource,type=DruidDataSource]
2017-08-11 10:30:39.818  INFO 1206 --- [restartedMain] s.b.c.e.t.TomcatEmbeddedServletContainer : Tomcat started on port(s): 8080 (http)
2017-08-11 10:30:39.820  INFO 1206 --- [restartedMain] c.bzh.colud.sunrise.SunRiseApplication   : Started SunRiseApplication in 1.54 seconds (JVM running for 1267.853)
2017-08-11 10:37:52.505  INFO 1206 --- [Thread-12] ationConfigEmbeddedWebApplicationContext : Closing org.springframework.boot.context.embedded.AnnotationConfigEmbeddedWebApplicationContext@14f8f32f: startup date [Fri Aug 11 10:30:38 CST 2017]; root of context hierarchy
2017-08-11 10:37:52.508  INFO 1206 --- [Thread-12] o.s.j.e.a.AnnotationMBeanExporter        : Unregistering JMX-exposed beans on shutdown
2017-08-11 10:37:52.509  INFO 1206 --- [Thread-12] o.s.j.e.a.AnnotationMBeanExporter        : Unregistering JMX-exposed beans
2017-08-11 10:37:52.511  INFO 1206 --- [Thread-12] com.alibaba.druid.pool.DruidDataSource   : {dataSource-2} closed
2017-08-11 10:37:55.071  INFO 1206 --- [restartedMain] c.bzh.colud.sunrise.SunRiseApplication   : Starting SunRiseApplication on chenyudeMacBook-Pro.local with PID 1206 (/Users/syu/project/bzworkspace/sunrise/target/classes started by syu in /Users/syu/project/bzworkspace/sunrise)
2017-08-11 10:37:55.072  INFO 1206 --- [restartedMain] c.bzh.colud.sunrise.SunRiseApplication   : No active profile set, falling back to default profiles: default
2017-08-11 10:37:55.073  INFO 1206 --- [restartedMain] ationConfigEmbeddedWebApplicationContext : Refreshing org.springframework.boot.context.embedded.AnnotationConfigEmbeddedWebApplicationContext@379434b8: startup date [Fri Aug 11 10:37:55 CST 2017]; root of context hierarchy
2017-08-11 10:37:55.328  INFO 1206 --- [restartedMain] .s.d.r.c.RepositoryConfigurationDelegate : Multiple Spring Data modules found, entering strict repository configuration mode!
2017-08-11 10:37:55.438  INFO 1206 --- [restartedMain] s.b.c.e.t.TomcatEmbeddedServletContainer : Tomcat initialized with port(s): 8080 (http)
2017-08-11 10:37:55.439  INFO 1206 --- [restartedMain] o.apache.catalina.core.StandardService   : Starting service [Tomcat]
2017-08-11 10:37:55.440  INFO 1206 --- [restartedMain] org.apache.catalina.core.StandardEngine  : Starting Servlet Engine: Apache Tomcat/8.5.15
2017-08-11 10:37:55.445  INFO 1206 --- [localhost-startStop-1] o.a.c.c.C.[Tomcat].[localhost].[/]       : Initializing Spring embedded WebApplicationContext
2017-08-11 10:37:55.446  INFO 1206 --- [localhost-startStop-1] o.s.web.context.ContextLoader            : Root WebApplicationContext: initialization completed in 373 ms
2017-08-11 10:37:55.481  INFO 1206 --- [localhost-startStop-1] o.s.b.w.servlet.ServletRegistrationBean  : Mapping servlet: 'dispatcherServlet' to [/]
2017-08-11 10:37:55.482  INFO 1206 --- [localhost-startStop-1] o.s.b.w.servlet.FilterRegistrationBean   : Mapping filter: 'hiddenHttpMethodFilter' to: [/*]
2017-08-11 10:37:55.482  INFO 1206 --- [localhost-startStop-1] o.s.b.w.servlet.FilterRegistrationBean   : Mapping filter: 'httpPutFormContentFilter' to: [/*]
2017-08-11 10:37:55.482  INFO 1206 --- [localhost-startStop-1] o.s.b.w.servlet.FilterRegistrationBean   : Mapping filter: 'requestContextFilter' to: [/*]
2017-08-11 10:37:55.482  INFO 1206 --- [localhost-startStop-1] o.s.b.w.servlet.FilterRegistrationBean   : Mapping filter: 'characterEncodingFilter' to: [/*]
2017-08-11 10:37:55.549  INFO 1206 --- [restartedMain] com.alibaba.druid.pool.DruidDataSource   : {dataSource-3} inited
2017-08-11 10:37:55.634  WARN 1206 --- [restartedMain] c.b.mybatisplus.mapper.AutoSqlInjector   : class com.bzh.cloud.entity.sunrise.SysCurrentToken ,Not found @TableId annotation, Cannot use Mybatis-Plus 'xxById' Method.
2017-08-11 10:37:55.765  WARN 1206 --- [restartedMain] c.b.mybatisplus.mapper.AutoSqlInjector   : class com.bzh.cloud.entity.sunrise.ConfFields ,Not found @TableId annotation, Cannot use Mybatis-Plus 'xxById' Method.
2017-08-11 10:37:55.977  INFO 1206 --- [restartedMain] s.w.s.m.m.a.RequestMappingHandlerAdapter : Looking for @ControllerAdvice: org.springframework.boot.context.embedded.AnnotationConfigEmbeddedWebApplicationContext@379434b8: startup date [Fri Aug 11 10:37:55 CST 2017]; root of context hierarchy
2017-08-11 10:37:55.983  INFO 1206 --- [restartedMain] s.w.s.m.m.a.RequestMappingHandlerMapping : Mapped "{[/test]}" onto public java.lang.String com.bzh.cloud.controller.sunrise.ApiAuth.test()
2017-08-11 10:37:55.983  INFO 1206 --- [restartedMain] s.w.s.m.m.a.RequestMappingHandlerMapping : Mapped "{[/api/auth/test],methods=[GET]}" onto public java.lang.String com.bzh.cloud.controller.sunrise.ApiAuth.testAuth(javax.servlet.http.HttpServletRequest,java.lang.String,java.lang.String,java.lang.String) throws java.lang.Exception
2017-08-11 10:37:55.984  INFO 1206 --- [restartedMain] s.w.s.m.m.a.RequestMappingHandlerMapping : Mapped "{[/register],methods=[GET]}" onto public java.util.Map<java.lang.String, java.lang.Object> com.bzh.cloud.controller.sunrise.AuthorController.register(java.lang.String)
2017-08-11 10:37:55.984  INFO 1206 --- [restartedMain] s.w.s.m.m.a.RequestMappingHandlerMapping : Mapped "{[/data/get],methods=[GET]}" onto public java.util.Map<java.lang.String, java.lang.Object> com.bzh.cloud.controller.sunrise.AuthorController.getData(javax.servlet.http.HttpServletRequest) throws java.lang.Exception
2017-08-11 10:37:55.984  INFO 1206 --- [restartedMain] s.w.s.m.m.a.RequestMappingHandlerMapping : Mapped "{[/menu/get],methods=[GET]}" onto public java.util.Map<java.lang.String, java.lang.Object> com.bzh.cloud.controller.sunrise.AuthorController.getMenu(javax.servlet.http.HttpServletRequest) throws java.lang.Exception
2017-08-11 10:37:55.984  INFO 1206 --- [restartedMain] s.w.s.m.m.a.RequestMappingHandlerMapping : Mapped "{[/login],methods=[POST]}" onto public java.util.Map<java.lang.String, java.lang.String> com.bzh.cloud.controller.sunrise.AuthorController.getAuthor(java.lang.String,java.lang.String,javax.servlet.http.HttpServletRequest) throws java.lang.Exception
2017-08-11 10:37:55.985  INFO 1206 --- [restartedMain] s.w.s.m.m.a.RequestMappingHandlerMapping : Mapped "{[/conf/delete]}" onto public java.util.Map<java.lang.String, java.lang.String> com.bzh.cloud.controller.sunrise.ConfigController.delete(java.lang.String,javax.servlet.http.HttpServletRequest)
2017-08-11 10:37:55.986  INFO 1206 --- [restartedMain] s.w.s.m.m.a.RequestMappingHandlerMapping : Mapped "{[/conf/tree]}" onto public java.util.Map<java.lang.String, java.lang.Object> com.bzh.cloud.controller.sunrise.ConfigController.tree(java.lang.Integer)
2017-08-11 10:37:55.986  INFO 1206 --- [restartedMain] s.w.s.m.m.a.RequestMappingHandlerMapping : Mapped "{[/conf/data]}" onto public java.util.Map<java.lang.String, java.lang.Object> com.bzh.cloud.controller.sunrise.ConfigController.getData(javax.servlet.http.HttpServletRequest)
2017-08-11 10:37:55.986  INFO 1206 --- [restartedMain] s.w.s.m.m.a.RequestMappingHandlerMapping : Mapped "{[/conf/main]}" onto public java.lang.String com.bzh.cloud.controller.sunrise.ConfigController.mian(org.springframework.ui.Model)
2017-08-11 10:37:55.986  INFO 1206 --- [restartedMain] s.w.s.m.m.a.RequestMappingHandlerMapping : Mapped "{[/conf/entity]}" onto public com.bzh.cloud.entity.sunrise.ConfEntity com.bzh.cloud.controller.sunrise.ConfigController.getEneity(java.lang.String)
2017-08-11 10:37:55.986  INFO 1206 --- [restartedMain] s.w.s.m.m.a.RequestMappingHandlerMapping : Mapped "{[/conf/dataSql]}" onto public java.util.List<java.util.Map<java.lang.String, java.lang.Object>> com.bzh.cloud.controller.sunrise.ConfigController.dataSql(java.lang.String)
2017-08-11 10:37:55.986  INFO 1206 --- [restartedMain] s.w.s.m.m.a.RequestMappingHandlerMapping : Mapped "{[/conf/checkUnique]}" onto public java.util.Map<java.lang.String, java.lang.Object> com.bzh.cloud.controller.sunrise.ConfigController.checkUnique(javax.servlet.http.HttpServletRequest)
2017-08-11 10:37:55.987  INFO 1206 --- [restartedMain] s.w.s.m.m.a.RequestMappingHandlerMapping : Mapped "{[/conf/create]}" onto public java.util.Map<java.lang.String, java.lang.Object> com.bzh.cloud.controller.sunrise.ConfigController.createEntity(java.lang.String,javax.servlet.http.HttpServletRequest)
2017-08-11 10:37:55.987  INFO 1206 --- [restartedMain] s.w.s.m.m.a.RequestMappingHandlerMapping : Mapped "{[/conf/update]}" onto public java.util.Map<java.lang.String, java.lang.Object> com.bzh.cloud.controller.sunrise.ConfigController.updateEntity(java.lang.String,javax.servlet.http.HttpServletRequest)
2017-08-11 10:37:55.989  INFO 1206 --- [restartedMain] s.w.s.m.m.a.RequestMappingHandlerMapping : Mapped "{[/error]}" onto public org.springframework.http.ResponseEntity<java.util.Map<java.lang.String, java.lang.Object>> org.springframework.boot.autoconfigure.web.BasicErrorController.error(javax.servlet.http.HttpServletRequest)
2017-08-11 10:37:55.989  INFO 1206 --- [restartedMain] s.w.s.m.m.a.RequestMappingHandlerMapping : Mapped "{[/error],produces=[text/html]}" onto public org.springframework.web.servlet.ModelAndView org.springframework.boot.autoconfigure.web.BasicErrorController.errorHtml(javax.servlet.http.HttpServletRequest,javax.servlet.http.HttpServletResponse)
2017-08-11 10:37:55.997  INFO 1206 --- [restartedMain] o.s.w.s.handler.SimpleUrlHandlerMapping  : Mapped URL path [/webjars/**] onto handler of type [class org.springframework.web.servlet.resource.ResourceHttpRequestHandler]
2017-08-11 10:37:55.997  INFO 1206 --- [restartedMain] o.s.w.s.handler.SimpleUrlHandlerMapping  : Mapped URL path [/**] onto handler of type [class org.springframework.web.servlet.resource.ResourceHttpRequestHandler]
2017-08-11 10:37:56.007  INFO 1206 --- [restartedMain] o.s.w.s.handler.SimpleUrlHandlerMapping  : Mapped URL path [/**/favicon.ico] onto handler of type [class org.springframework.web.servlet.resource.ResourceHttpRequestHandler]
2017-08-11 10:37:56.083  INFO 1206 --- [restartedMain] o.s.b.d.a.OptionalLiveReloadServer       : LiveReload server is running on port 35729
2017-08-11 10:37:56.138  INFO 1206 --- [restartedMain] o.s.j.e.a.AnnotationMBeanExporter        : Registering beans for JMX exposure on startup
2017-08-11 10:37:56.139  INFO 1206 --- [restartedMain] o.s.j.e.a.AnnotationMBeanExporter        : Bean with name 'dataSource' has been autodetected for JMX exposure
2017-08-11 10:37:56.142  INFO 1206 --- [restartedMain] o.s.j.e.a.AnnotationMBeanExporter        : Located MBean 'dataSource': registering with JMX server as MBean [com.alibaba.druid.pool:name=dataSource,type=DruidDataSource]
2017-08-11 10:37:56.149  INFO 1206 --- [restartedMain] s.b.c.e.t.TomcatEmbeddedServletContainer : Tomcat started on port(s): 8080 (http)
2017-08-11 10:37:56.150  INFO 1206 --- [restartedMain] c.bzh.colud.sunrise.SunRiseApplication   : Started SunRiseApplication in 1.34 seconds (JVM running for 1704.178)
2017-08-11 10:39:08.259  INFO 1206 --- [Thread-20] ationConfigEmbeddedWebApplicationContext : Closing org.springframework.boot.context.embedded.AnnotationConfigEmbeddedWebApplicationContext@379434b8: startup date [Fri Aug 11 10:37:55 CST 2017]; root of context hierarchy
2017-08-11 10:39:08.263  INFO 1206 --- [Thread-20] o.s.j.e.a.AnnotationMBeanExporter        : Unregistering JMX-exposed beans on shutdown
2017-08-11 10:39:08.263  INFO 1206 --- [Thread-20] o.s.j.e.a.AnnotationMBeanExporter        : Unregistering JMX-exposed beans
2017-08-11 10:39:08.265  INFO 1206 --- [Thread-20] com.alibaba.druid.pool.DruidDataSource   : {dataSource-3} closed
2017-08-11 10:39:10.624 ERROR 1206 --- [restartedMain] o.s.boot.SpringApplication               : Application startup failed

java.lang.IllegalStateException: java.lang.IllegalStateException: Logback configuration error detected: 
ERROR in ch.qos.logback.core.rolling.RollingFileAppender[dailyRollingFileAppender] - Failed to create parent directories for [/var/log/sunrise/app.log]
ERROR in ch.qos.logback.core.rolling.RollingFileAppender[dailyRollingFileAppender] - openFile(/var/log/sunrise/app.log,true) call failed. java.io.FileNotFoundException: /var/log/sunrise/app.log (No such file or directory)
	at org.springframework.boot.logging.LoggingApplicationListener.initializeSystem(LoggingApplicationListener.java:315)
	at org.springframework.boot.logging.LoggingApplicationListener.initialize(LoggingApplicationListener.java:276)
	at org.springframework.boot.logging.LoggingApplicationListener.onApplicationEnvironmentPreparedEvent(LoggingApplicationListener.java:239)
	at org.springframework.boot.logging.LoggingApplicationListener.onApplicationEvent(LoggingApplicationListener.java:212)
	at org.springframework.context.event.SimpleApplicationEventMulticaster.invokeListener(SimpleApplicationEventMulticaster.java:167)
	at org.springframework.context.event.SimpleApplicationEventMulticaster.multicastEvent(SimpleApplicationEventMulticaster.java:139)
	at org.springframework.context.event.SimpleApplicationEventMulticaster.multicastEvent(SimpleApplicationEventMulticaster.java:122)
	at org.springframework.boot.context.event.EventPublishingRunListener.environmentPrepared(EventPublishingRunListener.java:74)
	at org.springframework.boot.SpringApplicationRunListeners.environmentPrepared(SpringApplicationRunListeners.java:54)
	at org.springframework.boot.SpringApplication.prepareEnvironment(SpringApplication.java:325)
	at org.springframework.boot.SpringApplication.run(SpringApplication.java:296)
	at org.springframework.boot.SpringApplication.run(SpringApplication.java:1118)
	at org.springframework.boot.SpringApplication.run(SpringApplication.java:1107)
	at com.bzh.colud.sunrise.SunRiseApplication.main(SunRiseApplication.java:17)
	at sun.reflect.NativeMethodAccessorImpl.invoke0(Native Method)
	at sun.reflect.NativeMethodAccessorImpl.invoke(NativeMethodAccessorImpl.java:62)
	at sun.reflect.DelegatingMethodAccessorImpl.invoke(DelegatingMethodAccessorImpl.java:43)
	at java.lang.reflect.Method.invoke(Method.java:498)
	at org.springframework.boot.devtools.restart.RestartLauncher.run(RestartLauncher.java:49)
Caused by: java.lang.IllegalStateException: Logback configuration error detected: 
ERROR in ch.qos.logback.core.rolling.RollingFileAppender[dailyRollingFileAppender] - Failed to create parent directories for [/var/log/sunrise/app.log]
ERROR in ch.qos.logback.core.rolling.RollingFileAppender[dailyRollingFileAppender] - openFile(/var/log/sunrise/app.log,true) call failed. java.io.FileNotFoundException: /var/log/sunrise/app.log (No such file or directory)
	at org.springframework.boot.logging.logback.LogbackLoggingSystem.loadConfiguration(LogbackLoggingSystem.java:162)
	at org.springframework.boot.logging.AbstractLoggingSystem.initializeWithSpecificConfig(AbstractLoggingSystem.java:66)
	at org.springframework.boot.logging.AbstractLoggingSystem.initialize(AbstractLoggingSystem.java:56)
	at org.springframework.boot.logging.logback.LogbackLoggingSystem.initialize(LogbackLoggingSystem.java:115)
	at org.springframework.boot.logging.LoggingApplicationListener.initializeSystem(LoggingApplicationListener.java:308)
	... 18 common frames omitted

2017-08-11 10:41:16.791 ERROR 1428 --- [restartedMain] o.s.boot.SpringApplication               : Application startup failed

java.lang.IllegalStateException: java.lang.IllegalStateException: Logback configuration error detected: 
ERROR in ch.qos.logback.core.rolling.RollingFileAppender[dailyRollingFileAppender] - openFile(/var/log/sunrise/app.log,true) call failed. java.io.FileNotFoundException: /var/log/sunrise/app.log (Permission denied)
	at org.springframework.boot.logging.LoggingApplicationListener.initializeSystem(LoggingApplicationListener.java:315)
	at org.springframework.boot.logging.LoggingApplicationListener.initialize(LoggingApplicationListener.java:276)
	at org.springframework.boot.logging.LoggingApplicationListener.onApplicationEnvironmentPreparedEvent(LoggingApplicationListener.java:239)
	at org.springframework.boot.logging.LoggingApplicationListener.onApplicationEvent(LoggingApplicationListener.java:212)
	at org.springframework.context.event.SimpleApplicationEventMulticaster.invokeListener(SimpleApplicationEventMulticaster.java:167)
	at org.springframework.context.event.SimpleApplicationEventMulticaster.multicastEvent(SimpleApplicationEventMulticaster.java:139)
	at org.springframework.context.event.SimpleApplicationEventMulticaster.multicastEvent(SimpleApplicationEventMulticaster.java:122)
	at org.springframework.boot.context.event.EventPublishingRunListener.environmentPrepared(EventPublishingRunListener.java:74)
	at org.springframework.boot.SpringApplicationRunListeners.environmentPrepared(SpringApplicationRunListeners.java:54)
	at org.springframework.boot.SpringApplication.prepareEnvironment(SpringApplication.java:325)
	at org.springframework.boot.SpringApplication.run(SpringApplication.java:296)
	at org.springframework.boot.SpringApplication.run(SpringApplication.java:1118)
	at org.springframework.boot.SpringApplication.run(SpringApplication.java:1107)
	at com.bzh.colud.sunrise.SunRiseApplication.main(SunRiseApplication.java:17)
	at sun.reflect.NativeMethodAccessorImpl.invoke0(Native Method)
	at sun.reflect.NativeMethodAccessorImpl.invoke(NativeMethodAccessorImpl.java:62)
	at sun.reflect.DelegatingMethodAccessorImpl.invoke(DelegatingMethodAccessorImpl.java:43)
	at java.lang.reflect.Method.invoke(Method.java:498)
	at org.springframework.boot.devtools.restart.RestartLauncher.run(RestartLauncher.java:49)
Caused by: java.lang.IllegalStateException: Logback configuration error detected: 
ERROR in ch.qos.logback.core.rolling.RollingFileAppender[dailyRollingFileAppender] - openFile(/var/log/sunrise/app.log,true) call failed. java.io.FileNotFoundException: /var/log/sunrise/app.log (Permission denied)
	at org.springframework.boot.logging.logback.LogbackLoggingSystem.loadConfiguration(LogbackLoggingSystem.java:162)
	at org.springframework.boot.logging.AbstractLoggingSystem.initializeWithSpecificConfig(AbstractLoggingSystem.java:66)
	at org.springframework.boot.logging.AbstractLoggingSystem.initialize(AbstractLoggingSystem.java:56)
	at org.springframework.boot.logging.logback.LogbackLoggingSystem.initialize(LogbackLoggingSystem.java:115)
	at org.springframework.boot.logging.LoggingApplicationListener.initializeSystem(LoggingApplicationListener.java:308)
	... 18 common frames omitted

2017-08-11 10:44:19.259  INFO 1496 --- [restartedMain] c.bzh.colud.sunrise.SunRiseApplication   : Starting SunRiseApplication on chenyudeMacBook-Pro.local with PID 1496 (/Users/syu/project/bzworkspace/sunrise/target/classes started by syu in /Users/syu/project/bzworkspace/sunrise)
2017-08-11 10:44:19.260  INFO 1496 --- [restartedMain] c.bzh.colud.sunrise.SunRiseApplication   : No active profile set, falling back to default profiles: default
2017-08-11 10:44:19.580  INFO 1496 --- [restartedMain] ationConfigEmbeddedWebApplicationContext : Refreshing org.springframework.boot.context.embedded.AnnotationConfigEmbeddedWebApplicationContext@61663560: startup date [Fri Aug 11 10:44:19 CST 2017]; root of context hierarchy
2017-08-11 10:44:20.300  INFO 1496 --- [restartedMain] .s.d.r.c.RepositoryConfigurationDelegate : Multiple Spring Data modules found, entering strict repository configuration mode!
2017-08-11 10:44:21.143  INFO 1496 --- [restartedMain] s.b.c.e.t.TomcatEmbeddedServletContainer : Tomcat initialized with port(s): 8080 (http)
2017-08-11 10:44:21.156  INFO 1496 --- [restartedMain] o.apache.catalina.core.StandardService   : Starting service [Tomcat]
2017-08-11 10:44:21.157  INFO 1496 --- [restartedMain] org.apache.catalina.core.StandardEngine  : Starting Servlet Engine: Apache Tomcat/8.5.15
2017-08-11 10:44:21.256  INFO 1496 --- [localhost-startStop-1] o.a.c.c.C.[Tomcat].[localhost].[/]       : Initializing Spring embedded WebApplicationContext
2017-08-11 10:44:21.257  INFO 1496 --- [localhost-startStop-1] o.s.web.context.ContextLoader            : Root WebApplicationContext: initialization completed in 1677 ms
2017-08-11 10:44:21.414  INFO 1496 --- [localhost-startStop-1] o.s.b.w.servlet.ServletRegistrationBean  : Mapping servlet: 'dispatcherServlet' to [/]
2017-08-11 10:44:21.418  INFO 1496 --- [localhost-startStop-1] o.s.b.w.servlet.FilterRegistrationBean   : Mapping filter: 'hiddenHttpMethodFilter' to: [/*]
2017-08-11 10:44:21.419  INFO 1496 --- [localhost-startStop-1] o.s.b.w.servlet.FilterRegistrationBean   : Mapping filter: 'httpPutFormContentFilter' to: [/*]
2017-08-11 10:44:21.419  INFO 1496 --- [localhost-startStop-1] o.s.b.w.servlet.FilterRegistrationBean   : Mapping filter: 'requestContextFilter' to: [/*]
2017-08-11 10:44:21.419  INFO 1496 --- [localhost-startStop-1] o.s.b.w.servlet.FilterRegistrationBean   : Mapping filter: 'characterEncodingFilter' to: [/*]
2017-08-11 10:44:21.891  INFO 1496 --- [restartedMain] com.alibaba.druid.pool.DruidDataSource   : {dataSource-1} inited
2017-08-11 10:44:22.378  WARN 1496 --- [restartedMain] c.b.mybatisplus.toolkit.TableInfoHelper  : Warn: Could not find @TableId in Class: com.bzh.cloud.entity.sunrise.SysCurrentToken.
2017-08-11 10:44:22.379  WARN 1496 --- [restartedMain] c.b.mybatisplus.mapper.AutoSqlInjector   : class com.bzh.cloud.entity.sunrise.SysCurrentToken ,Not found @TableId annotation, Cannot use Mybatis-Plus 'xxById' Method.
2017-08-11 10:44:22.664  WARN 1496 --- [restartedMain] c.b.mybatisplus.toolkit.TableInfoHelper  : Warn: Could not find @TableId in Class: com.bzh.cloud.entity.sunrise.ConfFields.
2017-08-11 10:44:22.664  WARN 1496 --- [restartedMain] c.b.mybatisplus.mapper.AutoSqlInjector   : class com.bzh.cloud.entity.sunrise.ConfFields ,Not found @TableId annotation, Cannot use Mybatis-Plus 'xxById' Method.
2017-08-11 10:44:23.268  INFO 1496 --- [restartedMain] s.w.s.m.m.a.RequestMappingHandlerAdapter : Looking for @ControllerAdvice: org.springframework.boot.context.embedded.AnnotationConfigEmbeddedWebApplicationContext@61663560: startup date [Fri Aug 11 10:44:19 CST 2017]; root of context hierarchy
2017-08-11 10:44:23.349  INFO 1496 --- [restartedMain] s.w.s.m.m.a.RequestMappingHandlerMapping : Mapped "{[/test]}" onto public java.lang.String com.bzh.cloud.controller.sunrise.ApiAuth.test()
2017-08-11 10:44:23.351  INFO 1496 --- [restartedMain] s.w.s.m.m.a.RequestMappingHandlerMapping : Mapped "{[/api/auth/test],methods=[GET]}" onto public java.lang.String com.bzh.cloud.controller.sunrise.ApiAuth.testAuth(javax.servlet.http.HttpServletRequest,java.lang.String,java.lang.String,java.lang.String) throws java.lang.Exception
2017-08-11 10:44:23.352  INFO 1496 --- [restartedMain] s.w.s.m.m.a.RequestMappingHandlerMapping : Mapped "{[/register],methods=[GET]}" onto public java.util.Map<java.lang.String, java.lang.Object> com.bzh.cloud.controller.sunrise.AuthorController.register(java.lang.String)
2017-08-11 10:44:23.352  INFO 1496 --- [restartedMain] s.w.s.m.m.a.RequestMappingHandlerMapping : Mapped "{[/data/get],methods=[GET]}" onto public java.util.Map<java.lang.String, java.lang.Object> com.bzh.cloud.controller.sunrise.AuthorController.getData(javax.servlet.http.HttpServletRequest) throws java.lang.Exception
2017-08-11 10:44:23.353  INFO 1496 --- [restartedMain] s.w.s.m.m.a.RequestMappingHandlerMapping : Mapped "{[/menu/get],methods=[GET]}" onto public java.util.Map<java.lang.String, java.lang.Object> com.bzh.cloud.controller.sunrise.AuthorController.getMenu(javax.servlet.http.HttpServletRequest) throws java.lang.Exception
2017-08-11 10:44:23.355  INFO 1496 --- [restartedMain] s.w.s.m.m.a.RequestMappingHandlerMapping : Mapped "{[/login],methods=[POST]}" onto public java.util.Map<java.lang.String, java.lang.String> com.bzh.cloud.controller.sunrise.AuthorController.getAuthor(java.lang.String,java.lang.String,javax.servlet.http.HttpServletRequest) throws java.lang.Exception
2017-08-11 10:44:23.359  INFO 1496 --- [restartedMain] s.w.s.m.m.a.RequestMappingHandlerMapping : Mapped "{[/conf/delete]}" onto public java.util.Map<java.lang.String, java.lang.String> com.bzh.cloud.controller.sunrise.ConfigController.delete(java.lang.String,javax.servlet.http.HttpServletRequest)
2017-08-11 10:44:23.359  INFO 1496 --- [restartedMain] s.w.s.m.m.a.RequestMappingHandlerMapping : Mapped "{[/conf/tree]}" onto public java.util.Map<java.lang.String, java.lang.Object> com.bzh.cloud.controller.sunrise.ConfigController.tree(java.lang.Integer)
2017-08-11 10:44:23.359  INFO 1496 --- [restartedMain] s.w.s.m.m.a.RequestMappingHandlerMapping : Mapped "{[/conf/data]}" onto public java.util.Map<java.lang.String, java.lang.Object> com.bzh.cloud.controller.sunrise.ConfigController.getData(javax.servlet.http.HttpServletRequest)
2017-08-11 10:44:23.360  INFO 1496 --- [restartedMain] s.w.s.m.m.a.RequestMappingHandlerMapping : Mapped "{[/conf/main]}" onto public java.lang.String com.bzh.cloud.controller.sunrise.ConfigController.mian(org.springframework.ui.Model)
2017-08-11 10:44:23.360  INFO 1496 --- [restartedMain] s.w.s.m.m.a.RequestMappingHandlerMapping : Mapped "{[/conf/entity]}" onto public com.bzh.cloud.entity.sunrise.ConfEntity com.bzh.cloud.controller.sunrise.ConfigController.getEneity(java.lang.String)
2017-08-11 10:44:23.360  INFO 1496 --- [restartedMain] s.w.s.m.m.a.RequestMappingHandlerMapping : Mapped "{[/conf/dataSql]}" onto public java.util.List<java.util.Map<java.lang.String, java.lang.Object>> com.bzh.cloud.controller.sunrise.ConfigController.dataSql(java.lang.String)
2017-08-11 10:44:23.360  INFO 1496 --- [restartedMain] s.w.s.m.m.a.RequestMappingHandlerMapping : Mapped "{[/conf/checkUnique]}" onto public java.util.Map<java.lang.String, java.lang.Object> com.bzh.cloud.controller.sunrise.ConfigController.checkUnique(javax.servlet.http.HttpServletRequest)
2017-08-11 10:44:23.361  INFO 1496 --- [restartedMain] s.w.s.m.m.a.RequestMappingHandlerMapping : Mapped "{[/conf/create]}" onto public java.util.Map<java.lang.String, java.lang.Object> com.bzh.cloud.controller.sunrise.ConfigController.createEntity(java.lang.String,javax.servlet.http.HttpServletRequest)
2017-08-11 10:44:23.361  INFO 1496 --- [restartedMain] s.w.s.m.m.a.RequestMappingHandlerMapping : Mapped "{[/conf/update]}" onto public java.util.Map<java.lang.String, java.lang.Object> com.bzh.cloud.controller.sunrise.ConfigController.updateEntity(java.lang.String,javax.servlet.http.HttpServletRequest)
2017-08-11 10:44:23.364  INFO 1496 --- [restartedMain] s.w.s.m.m.a.RequestMappingHandlerMapping : Mapped "{[/error]}" onto public org.springframework.http.ResponseEntity<java.util.Map<java.lang.String, java.lang.Object>> org.springframework.boot.autoconfigure.web.BasicErrorController.error(javax.servlet.http.HttpServletRequest)
2017-08-11 10:44:23.364  INFO 1496 --- [restartedMain] s.w.s.m.m.a.RequestMappingHandlerMapping : Mapped "{[/error],produces=[text/html]}" onto public org.springframework.web.servlet.ModelAndView org.springframework.boot.autoconfigure.web.BasicErrorController.errorHtml(javax.servlet.http.HttpServletRequest,javax.servlet.http.HttpServletResponse)
2017-08-11 10:44:23.402  INFO 1496 --- [restartedMain] o.s.w.s.handler.SimpleUrlHandlerMapping  : Mapped URL path [/webjars/**] onto handler of type [class org.springframework.web.servlet.resource.ResourceHttpRequestHandler]
2017-08-11 10:44:23.402  INFO 1496 --- [restartedMain] o.s.w.s.handler.SimpleUrlHandlerMapping  : Mapped URL path [/**] onto handler of type [class org.springframework.web.servlet.resource.ResourceHttpRequestHandler]
2017-08-11 10:44:23.443  INFO 1496 --- [restartedMain] o.s.w.s.handler.SimpleUrlHandlerMapping  : Mapped URL path [/**/favicon.ico] onto handler of type [class org.springframework.web.servlet.resource.ResourceHttpRequestHandler]
2017-08-11 10:44:24.024  INFO 1496 --- [restartedMain] o.s.b.d.a.OptionalLiveReloadServer       : LiveReload server is running on port 35729
2017-08-11 10:44:24.101  INFO 1496 --- [restartedMain] o.s.j.e.a.AnnotationMBeanExporter        : Registering beans for JMX exposure on startup
2017-08-11 10:44:24.103  INFO 1496 --- [restartedMain] o.s.j.e.a.AnnotationMBeanExporter        : Bean with name 'dataSource' has been autodetected for JMX exposure
2017-08-11 10:44:24.108  INFO 1496 --- [restartedMain] o.s.j.e.a.AnnotationMBeanExporter        : Located MBean 'dataSource': registering with JMX server as MBean [com.alibaba.druid.pool:name=dataSource,type=DruidDataSource]
2017-08-11 10:44:24.166  INFO 1496 --- [restartedMain] s.b.c.e.t.TomcatEmbeddedServletContainer : Tomcat started on port(s): 8080 (http)
2017-08-11 10:44:24.172  INFO 1496 --- [restartedMain] c.bzh.colud.sunrise.SunRiseApplication   : Started SunRiseApplication in 5.324 seconds (JVM running for 5.678)
2017-08-11 10:45:08.863  INFO 1496 --- [http-nio-8080-exec-1] o.a.c.c.C.[Tomcat].[localhost].[/]       : Initializing Spring FrameworkServlet 'dispatcherServlet'
2017-08-11 10:45:08.863  INFO 1496 --- [http-nio-8080-exec-1] o.s.web.servlet.DispatcherServlet        : FrameworkServlet 'dispatcherServlet': initialization started
2017-08-11 10:45:08.889  INFO 1496 --- [http-nio-8080-exec-1] o.s.web.servlet.DispatcherServlet        : FrameworkServlet 'dispatcherServlet': initialization completed in 26 ms
2017-08-11 10:46:21.229  INFO 1496 --- [http-nio-8080-exec-8] c.b.c.c.sunrise.AuthorController         : 添加数据到redis
2017-08-11 10:56:56.839  INFO 1496 --- [Thread-8] ationConfigEmbeddedWebApplicationContext : Closing org.springframework.boot.context.embedded.AnnotationConfigEmbeddedWebApplicationContext@61663560: startup date [Fri Aug 11 10:44:19 CST 2017]; root of context hierarchy
2017-08-11 10:56:56.855  INFO 1496 --- [Thread-8] o.s.j.e.a.AnnotationMBeanExporter        : Unregistering JMX-exposed beans on shutdown
2017-08-11 10:56:56.856  INFO 1496 --- [Thread-8] o.s.j.e.a.AnnotationMBeanExporter        : Unregistering JMX-exposed beans
2017-08-11 10:56:56.870  INFO 1496 --- [Thread-8] com.alibaba.druid.pool.DruidDataSource   : {dataSource-1} closed
2017-08-11 10:56:59.599  INFO 1496 --- [restartedMain] c.bzh.colud.sunrise.SunRiseApplication   : Starting SunRiseApplication on chenyudeMacBook-Pro.local with PID 1496 (/Users/syu/project/bzworkspace/sunrise/target/classes started by syu in /Users/syu/project/bzworkspace/sunrise)
2017-08-11 10:56:59.600  INFO 1496 --- [restartedMain] c.bzh.colud.sunrise.SunRiseApplication   : No active profile set, falling back to default profiles: default
2017-08-11 10:56:59.605  INFO 1496 --- [restartedMain] ationConfigEmbeddedWebApplicationContext : Refreshing org.springframework.boot.context.embedded.AnnotationConfigEmbeddedWebApplicationContext@24f9a9b0: startup date [Fri Aug 11 10:56:59 CST 2017]; root of context hierarchy
2017-08-11 10:56:59.967  INFO 1496 --- [restartedMain] .s.d.r.c.RepositoryConfigurationDelegate : Multiple Spring Data modules found, entering strict repository configuration mode!
2017-08-11 10:57:00.097  INFO 1496 --- [restartedMain] s.b.c.e.t.TomcatEmbeddedServletContainer : Tomcat initialized with port(s): 8080 (http)
2017-08-11 10:57:00.098  INFO 1496 --- [restartedMain] o.apache.catalina.core.StandardService   : Starting service [Tomcat]
2017-08-11 10:57:00.099  INFO 1496 --- [restartedMain] org.apache.catalina.core.StandardEngine  : Starting Servlet Engine: Apache Tomcat/8.5.15
2017-08-11 10:57:00.106  INFO 1496 --- [localhost-startStop-1] o.a.c.c.C.[Tomcat].[localhost].[/]       : Initializing Spring embedded WebApplicationContext
2017-08-11 10:57:00.107  INFO 1496 --- [localhost-startStop-1] o.s.web.context.ContextLoader            : Root WebApplicationContext: initialization completed in 502 ms
2017-08-11 10:57:00.144  INFO 1496 --- [localhost-startStop-1] o.s.b.w.servlet.ServletRegistrationBean  : Mapping servlet: 'dispatcherServlet' to [/]
2017-08-11 10:57:00.145  INFO 1496 --- [localhost-startStop-1] o.s.b.w.servlet.FilterRegistrationBean   : Mapping filter: 'hiddenHttpMethodFilter' to: [/*]
2017-08-11 10:57:00.145  INFO 1496 --- [localhost-startStop-1] o.s.b.w.servlet.FilterRegistrationBean   : Mapping filter: 'httpPutFormContentFilter' to: [/*]
2017-08-11 10:57:00.145  INFO 1496 --- [localhost-startStop-1] o.s.b.w.servlet.FilterRegistrationBean   : Mapping filter: 'requestContextFilter' to: [/*]
2017-08-11 10:57:00.145  INFO 1496 --- [localhost-startStop-1] o.s.b.w.servlet.FilterRegistrationBean   : Mapping filter: 'characterEncodingFilter' to: [/*]
2017-08-11 10:57:00.227  INFO 1496 --- [restartedMain] com.alibaba.druid.pool.DruidDataSource   : {dataSource-2} inited
2017-08-11 10:57:00.334  WARN 1496 --- [restartedMain] c.b.mybatisplus.mapper.AutoSqlInjector   : class com.bzh.cloud.entity.sunrise.SysCurrentToken ,Not found @TableId annotation, Cannot use Mybatis-Plus 'xxById' Method.
2017-08-11 10:57:00.493  WARN 1496 --- [restartedMain] c.b.mybatisplus.mapper.AutoSqlInjector   : class com.bzh.cloud.entity.sunrise.ConfFields ,Not found @TableId annotation, Cannot use Mybatis-Plus 'xxById' Method.
2017-08-11 10:57:00.734  INFO 1496 --- [restartedMain] s.w.s.m.m.a.RequestMappingHandlerAdapter : Looking for @ControllerAdvice: org.springframework.boot.context.embedded.AnnotationConfigEmbeddedWebApplicationContext@24f9a9b0: startup date [Fri Aug 11 10:56:59 CST 2017]; root of context hierarchy
2017-08-11 10:57:00.741  INFO 1496 --- [restartedMain] s.w.s.m.m.a.RequestMappingHandlerMapping : Mapped "{[/test]}" onto public java.lang.String com.bzh.cloud.controller.sunrise.ApiAuth.test()
2017-08-11 10:57:00.741  INFO 1496 --- [restartedMain] s.w.s.m.m.a.RequestMappingHandlerMapping : Mapped "{[/api/auth/test],methods=[GET]}" onto public java.lang.String com.bzh.cloud.controller.sunrise.ApiAuth.testAuth(javax.servlet.http.HttpServletRequest,java.lang.String,java.lang.String,java.lang.String) throws java.lang.Exception
2017-08-11 10:57:00.742  INFO 1496 --- [restartedMain] s.w.s.m.m.a.RequestMappingHandlerMapping : Mapped "{[/register],methods=[GET]}" onto public java.util.Map<java.lang.String, java.lang.Object> com.bzh.cloud.controller.sunrise.AuthorController.register(java.lang.String)
2017-08-11 10:57:00.742  INFO 1496 --- [restartedMain] s.w.s.m.m.a.RequestMappingHandlerMapping : Mapped "{[/data/get],methods=[GET]}" onto public java.util.Map<java.lang.String, java.lang.Object> com.bzh.cloud.controller.sunrise.AuthorController.getData(javax.servlet.http.HttpServletRequest) throws java.lang.Exception
2017-08-11 10:57:00.742  INFO 1496 --- [restartedMain] s.w.s.m.m.a.RequestMappingHandlerMapping : Mapped "{[/menu/get],methods=[GET]}" onto public java.util.Map<java.lang.String, java.lang.Object> com.bzh.cloud.controller.sunrise.AuthorController.getMenu(javax.servlet.http.HttpServletRequest) throws java.lang.Exception
2017-08-11 10:57:00.742  INFO 1496 --- [restartedMain] s.w.s.m.m.a.RequestMappingHandlerMapping : Mapped "{[/login],methods=[POST]}" onto public java.util.Map<java.lang.String, java.lang.String> com.bzh.cloud.controller.sunrise.AuthorController.getAuthor(java.lang.String,java.lang.String,javax.servlet.http.HttpServletRequest) throws java.lang.Exception
2017-08-11 10:57:00.745  INFO 1496 --- [restartedMain] s.w.s.m.m.a.RequestMappingHandlerMapping : Mapped "{[/conf/delete]}" onto public java.util.Map<java.lang.String, java.lang.String> com.bzh.cloud.controller.sunrise.ConfigController.delete(java.lang.String,javax.servlet.http.HttpServletRequest)
2017-08-11 10:57:00.745  INFO 1496 --- [restartedMain] s.w.s.m.m.a.RequestMappingHandlerMapping : Mapped "{[/conf/tree]}" onto public java.util.Map<java.lang.String, java.lang.Object> com.bzh.cloud.controller.sunrise.ConfigController.tree(java.lang.Integer)
2017-08-11 10:57:00.746  INFO 1496 --- [restartedMain] s.w.s.m.m.a.RequestMappingHandlerMapping : Mapped "{[/conf/data]}" onto public java.util.Map<java.lang.String, java.lang.Object> com.bzh.cloud.controller.sunrise.ConfigController.getData(javax.servlet.http.HttpServletRequest)
2017-08-11 10:57:00.746  INFO 1496 --- [restartedMain] s.w.s.m.m.a.RequestMappingHandlerMapping : Mapped "{[/conf/main]}" onto public java.lang.String com.bzh.cloud.controller.sunrise.ConfigController.mian(org.springframework.ui.Model)
2017-08-11 10:57:00.746  INFO 1496 --- [restartedMain] s.w.s.m.m.a.RequestMappingHandlerMapping : Mapped "{[/conf/entity]}" onto public com.bzh.cloud.entity.sunrise.ConfEntity com.bzh.cloud.controller.sunrise.ConfigController.getEneity(java.lang.String)
2017-08-11 10:57:00.746  INFO 1496 --- [restartedMain] s.w.s.m.m.a.RequestMappingHandlerMapping : Mapped "{[/conf/dataSql]}" onto public java.util.List<java.util.Map<java.lang.String, java.lang.Object>> com.bzh.cloud.controller.sunrise.ConfigController.dataSql(java.lang.String)
2017-08-11 10:57:00.746  INFO 1496 --- [restartedMain] s.w.s.m.m.a.RequestMappingHandlerMapping : Mapped "{[/conf/checkUnique]}" onto public java.util.Map<java.lang.String, java.lang.Object> com.bzh.cloud.controller.sunrise.ConfigController.checkUnique(javax.servlet.http.HttpServletRequest)
2017-08-11 10:57:00.747  INFO 1496 --- [restartedMain] s.w.s.m.m.a.RequestMappingHandlerMapping : Mapped "{[/conf/create]}" onto public java.util.Map<java.lang.String, java.lang.Object> com.bzh.cloud.controller.sunrise.ConfigController.createEntity(java.lang.String,javax.servlet.http.HttpServletRequest)
2017-08-11 10:57:00.747  INFO 1496 --- [restartedMain] s.w.s.m.m.a.RequestMappingHandlerMapping : Mapped "{[/conf/update]}" onto public java.util.Map<java.lang.String, java.lang.Object> com.bzh.cloud.controller.sunrise.ConfigController.updateEntity(java.lang.String,javax.servlet.http.HttpServletRequest)
2017-08-11 10:57:00.748  INFO 1496 --- [restartedMain] s.w.s.m.m.a.RequestMappingHandlerMapping : Mapped "{[/error]}" onto public org.springframework.http.ResponseEntity<java.util.Map<java.lang.String, java.lang.Object>> org.springframework.boot.autoconfigure.web.BasicErrorController.error(javax.servlet.http.HttpServletRequest)
2017-08-11 10:57:00.748  INFO 1496 --- [restartedMain] s.w.s.m.m.a.RequestMappingHandlerMapping : Mapped "{[/error],produces=[text/html]}" onto public org.springframework.web.servlet.ModelAndView org.springframework.boot.autoconfigure.web.BasicErrorController.errorHtml(javax.servlet.http.HttpServletRequest,javax.servlet.http.HttpServletResponse)
2017-08-11 10:57:00.760  INFO 1496 --- [restartedMain] o.s.w.s.handler.SimpleUrlHandlerMapping  : Mapped URL path [/webjars/**] onto handler of type [class org.springframework.web.servlet.resource.ResourceHttpRequestHandler]
2017-08-11 10:57:00.761  INFO 1496 --- [restartedMain] o.s.w.s.handler.SimpleUrlHandlerMapping  : Mapped URL path [/**] onto handler of type [class org.springframework.web.servlet.resource.ResourceHttpRequestHandler]
2017-08-11 10:57:00.770  INFO 1496 --- [restartedMain] o.s.w.s.handler.SimpleUrlHandlerMapping  : Mapped URL path [/**/favicon.ico] onto handler of type [class org.springframework.web.servlet.resource.ResourceHttpRequestHandler]
2017-08-11 10:57:00.849  INFO 1496 --- [restartedMain] o.s.b.d.a.OptionalLiveReloadServer       : LiveReload server is running on port 35729
2017-08-11 10:57:00.904  INFO 1496 --- [restartedMain] o.s.j.e.a.AnnotationMBeanExporter        : Registering beans for JMX exposure on startup
2017-08-11 10:57:00.905  INFO 1496 --- [restartedMain] o.s.j.e.a.AnnotationMBeanExporter        : Bean with name 'dataSource' has been autodetected for JMX exposure
2017-08-11 10:57:00.908  INFO 1496 --- [restartedMain] o.s.j.e.a.AnnotationMBeanExporter        : Located MBean 'dataSource': registering with JMX server as MBean [com.alibaba.druid.pool:name=dataSource,type=DruidDataSource]
2017-08-11 10:57:00.916  INFO 1496 --- [restartedMain] s.b.c.e.t.TomcatEmbeddedServletContainer : Tomcat started on port(s): 8080 (http)
2017-08-11 10:57:00.918  INFO 1496 --- [restartedMain] c.bzh.colud.sunrise.SunRiseApplication   : Started SunRiseApplication in 1.659 seconds (JVM running for 762.415)
2017-08-11 10:57:40.912  INFO 1496 --- [Thread-19] ationConfigEmbeddedWebApplicationContext : Closing org.springframework.boot.context.embedded.AnnotationConfigEmbeddedWebApplicationContext@24f9a9b0: startup date [Fri Aug 11 10:56:59 CST 2017]; root of context hierarchy
2017-08-11 10:57:40.914  INFO 1496 --- [Thread-19] o.s.j.e.a.AnnotationMBeanExporter        : Unregistering JMX-exposed beans on shutdown
2017-08-11 10:57:40.914  INFO 1496 --- [Thread-19] o.s.j.e.a.AnnotationMBeanExporter        : Unregistering JMX-exposed beans
2017-08-11 10:57:40.917  INFO 1496 --- [Thread-19] com.alibaba.druid.pool.DruidDataSource   : {dataSource-2} closed
